<?xml version="1.0" encoding="UTF-8"?>
<!-- Generated by org.testng.reporters.JUnitXMLReporter -->
<testsuite ignored="0" hostname="DESKTOP-E4JELKD" failures="1" tests="3" name="chrome" time="78.711" errors="0" timestamp="02 May 2022 06:33:25 GMT">
  <testcase classname="Test.Zerodha_login_test" name="loginwithvalidcreadintial" time="9.393"/>
  <testcase classname="Test.Zerodha_login_test" name="forgott_link" time="0.091"/>
  <testcase classname="Test.Zerodha_login_test" name="singup_link" time="30.238">
    <failure type="java.lang.NullPointerException">
      <![CDATA[java.lang.NullPointerException
at POM.Zerodha_login.singup(Zerodha_login.java:60)
at Test.Zerodha_login_test.singup_link(Zerodha_login_test.java:106)
... Removed 25 stack frames]]>
    </failure>
  </testcase> <!-- singup_link -->
</testsuite> <!-- chrome -->
