<?xml version="1.0" encoding="UTF-8"?>
<!-- Generated by org.testng.reporters.JUnitXMLReporter -->
<testsuite ignored="0" hostname="DESKTOP-E4JELKD" failures="1" tests="1" name="firefox1" time="0.048" errors="0" timestamp="02 May 2022 06:26:01 GMT">
  <testcase classname="Test.Zerodha_login_test" name="loginwithvalidcreadintial" time="0.044">
    <failure type="java.lang.NullPointerException">
      <![CDATA[java.lang.NullPointerException
at org.openqa.selenium.support.pagefactory.DefaultElementLocator.findElement(DefaultElementLocator.java:70)
at org.openqa.selenium.support.pagefactory.internal.LocatingElementHandler.invoke(LocatingElementHandler.java:39)
at com.sun.proxy.$Proxy16.sendKeys(Unknown Source)
at POM.Zerodha_login.enterusername(Zerodha_login.java:33)
at Test.Zerodha_login_test.loginwithvalidcreadintial(Zerodha_login_test.java:75)
... Removed 25 stack frames]]>
    </failure>
  </testcase> <!-- loginwithvalidcreadintial -->
</testsuite> <!-- firefox1 -->
